c:\users\batpe\desktop\4\cg\práticas\sistemasolar\solarsystem\solarsystem\x64\debug\vc142.pdb
c:\users\batpe\desktop\4\cg\práticas\sistemasolar\solarsystem\solarsystem\x64\debug\vc142.idb
c:\users\batpe\desktop\4\cg\práticas\sistemasolar\solarsystem\solarsystem\x64\debug\trianglemesh.obj
c:\users\batpe\desktop\4\cg\práticas\sistemasolar\solarsystem\solarsystem\x64\debug\texture.obj
c:\users\batpe\desktop\4\cg\práticas\sistemasolar\solarsystem\solarsystem\x64\debug\scenetexture.obj
c:\users\batpe\desktop\4\cg\práticas\sistemasolar\solarsystem\solarsystem\x64\debug\objmesh.obj
c:\users\batpe\desktop\4\cg\práticas\sistemasolar\solarsystem\solarsystem\x64\debug\main.obj
c:\users\batpe\desktop\4\cg\práticas\sistemasolar\solarsystem\solarsystem\x64\debug\glutils.obj
c:\users\batpe\desktop\4\cg\práticas\sistemasolar\solarsystem\solarsystem\x64\debug\glslprogram.obj
c:\users\batpe\desktop\4\cg\práticas\sistemasolar\solarsystem\solarsystem\x64\debug\glad.obj
c:\users\batpe\desktop\4\cg\práticas\sistemasolar\solarsystem\x64\debug\solarsystem.pdb
c:\users\batpe\desktop\4\cg\práticas\sistemasolar\solarsystem\solarsystem\x64\debug\solarsystem.tlog\cl.command.1.tlog
c:\users\batpe\desktop\4\cg\práticas\sistemasolar\solarsystem\solarsystem\x64\debug\solarsystem.tlog\cl.read.1.tlog
c:\users\batpe\desktop\4\cg\práticas\sistemasolar\solarsystem\solarsystem\x64\debug\solarsystem.tlog\cl.write.1.tlog
c:\users\batpe\desktop\4\cg\práticas\sistemasolar\solarsystem\solarsystem\x64\debug\solarsystem.tlog\link-cvtres.read.1.tlog
c:\users\batpe\desktop\4\cg\práticas\sistemasolar\solarsystem\solarsystem\x64\debug\solarsystem.tlog\link-cvtres.write.1.tlog
c:\users\batpe\desktop\4\cg\práticas\sistemasolar\solarsystem\solarsystem\x64\debug\solarsystem.tlog\link-rc.read.1.tlog
c:\users\batpe\desktop\4\cg\práticas\sistemasolar\solarsystem\solarsystem\x64\debug\solarsystem.tlog\link-rc.write.1.tlog
c:\users\batpe\desktop\4\cg\práticas\sistemasolar\solarsystem\solarsystem\x64\debug\solarsystem.tlog\link.command.1.tlog
c:\users\batpe\desktop\4\cg\práticas\sistemasolar\solarsystem\solarsystem\x64\debug\solarsystem.tlog\link.read.1.tlog
c:\users\batpe\desktop\4\cg\práticas\sistemasolar\solarsystem\solarsystem\x64\debug\solarsystem.tlog\link.write.1.tlog
